app/build/intermediates/manifest_merge_blame_file/debug/manifest-merger-blame-debug-report.txt
1<?xml version="1.0" encoding="utf-8"?>
2<manifest xmlns:android="http://schemas.android.com/apk/res/android"
3    package="com.kingstech_app.cakeapp"
4    android:versionCode="1"
5    android:versionName="1.0" >
6
7    <uses-sdk
8        android:minSdkVersion="19"
8-->src/main/AndroidManifest.xml
9        android:targetSdkVersion="29" />
9-->src/main/AndroidManifest.xml
10    <!-- <uses-permission android:name="android.permission.READ_EXTERNAL_STORAGE"/> -->
11    <uses-permission android:name="android.permission.SEND_SMS" />
11-->src/main/AndroidManifest.xml:5:5-67
11-->src/main/AndroidManifest.xml:5:22-64
12
13    <!-- Although the *SdkVersion is captured in gradle build files, this is required for non gradle builds -->
14    <!-- <uses-sdk android:minSdkVersion="14"/> -->
15    <uses-permission android:name="android.permission.ACCESS_NETWORK_STATE" />
15-->[com.google.firebase:firebase-database:19.2.1] AndroidManifest.xml:25:5-79
15-->[com.google.firebase:firebase-database:19.2.1] AndroidManifest.xml:25:22-76
16    <uses-permission android:name="android.permission.INTERNET" />
16-->[com.google.firebase:firebase-database:19.2.1] AndroidManifest.xml:26:5-67
16-->[com.google.firebase:firebase-database:19.2.1] AndroidManifest.xml:26:22-64
17
18    <application
18-->src/main/AndroidManifest.xml:7:5-29:19
19        android:allowBackup="true"
19-->src/main/AndroidManifest.xml:8:9-35
20        android:appComponentFactory="androidx.core.app.CoreComponentFactory"
20-->[androidx.core:core:1.2.0] AndroidManifest.xml:24:18-86
21        android:debuggable="true"
22        android:icon="@mipmap/ic_launcher"
22-->src/main/AndroidManifest.xml:9:9-43
23        android:label="@string/app_name"
23-->src/main/AndroidManifest.xml:10:9-41
24        android:roundIcon="@mipmap/ic_launcher_round"
24-->src/main/AndroidManifest.xml:11:9-54
25        android:supportsRtl="true"
25-->src/main/AndroidManifest.xml:12:9-35
26        android:testOnly="true"
27        android:theme="@style/AppTheme" >
27-->src/main/AndroidManifest.xml:13:9-40
28        <activity android:name="com.kingstech_app.cakeapp.OrderDetailPreviewActivity" />
28-->src/main/AndroidManifest.xml:14:9-73
28-->src/main/AndroidManifest.xml:14:19-61
29        <activity android:name="com.kingstech_app.cakeapp.CakePreview" />
29-->src/main/AndroidManifest.xml:15:9-49
29-->src/main/AndroidManifest.xml:15:19-46
30        <activity android:name="com.kingstech_app.cakeapp.ShopActivity" />
30-->src/main/AndroidManifest.xml:16:9-50
30-->src/main/AndroidManifest.xml:16:19-47
31        <activity android:name="com.kingstech_app.cakeapp.AccountActivity" />
31-->src/main/AndroidManifest.xml:17:9-53
31-->src/main/AndroidManifest.xml:17:19-50
32        <activity android:name="com.kingstech_app.cakeapp.SettingActivity" />
32-->src/main/AndroidManifest.xml:18:9-53
32-->src/main/AndroidManifest.xml:18:19-50
33        <activity android:name="com.kingstech_app.cakeapp.CakeOrderList" />
33-->src/main/AndroidManifest.xml:19:9-51
33-->src/main/AndroidManifest.xml:19:19-48
34        <activity android:name="com.kingstech_app.cakeapp.SignUpActivity" />
34-->src/main/AndroidManifest.xml:20:9-52
34-->src/main/AndroidManifest.xml:20:19-49
35        <activity android:name="com.kingstech_app.cakeapp.LogInActivity" >
35-->src/main/AndroidManifest.xml:21:9-27:20
35-->src/main/AndroidManifest.xml:21:19-48
36            <intent-filter>
36-->src/main/AndroidManifest.xml:22:13-26:29
37                <action android:name="android.intent.action.MAIN" />
37-->src/main/AndroidManifest.xml:23:17-69
37-->src/main/AndroidManifest.xml:23:25-66
38
39                <category android:name="android.intent.category.LAUNCHER" />
39-->src/main/AndroidManifest.xml:25:17-77
39-->src/main/AndroidManifest.xml:25:27-74
40            </intent-filter>
41        </activity>
42        <activity android:name="com.kingstech_app.cakeapp.HomeActivity" />
42-->src/main/AndroidManifest.xml:28:9-50
42-->src/main/AndroidManifest.xml:28:19-47
43
44        <service
44-->[com.google.firebase:firebase-database:19.2.1] AndroidManifest.xml:29:9-35:19
45            android:name="com.google.firebase.components.ComponentDiscoveryService"
45-->[com.google.firebase:firebase-database:19.2.1] AndroidManifest.xml:30:13-84
46            android:directBootAware="true"
46-->[com.google.firebase:firebase-common:19.3.0] AndroidManifest.xml:34:13-43
47            android:exported="false" >
47-->[com.google.firebase:firebase-database:19.2.1] AndroidManifest.xml:31:13-37
48            <meta-data
48-->[com.google.firebase:firebase-database:19.2.1] AndroidManifest.xml:32:13-34:85
49                android:name="com.google.firebase.components:com.google.firebase.database.DatabaseRegistrar"
49-->[com.google.firebase:firebase-database:19.2.1] AndroidManifest.xml:33:17-109
50                android:value="com.google.firebase.components.ComponentRegistrar" />
50-->[com.google.firebase:firebase-database:19.2.1] AndroidManifest.xml:34:17-82
51        </service>
52
53        <provider
53-->[com.squareup.picasso:picasso:2.71828] AndroidManifest.xml:8:9-11:40
54            android:name="com.squareup.picasso.PicassoProvider"
54-->[com.squareup.picasso:picasso:2.71828] AndroidManifest.xml:9:13-64
55            android:authorities="com.kingstech_app.cakeapp.com.squareup.picasso"
55-->[com.squareup.picasso:picasso:2.71828] AndroidManifest.xml:10:13-72
56            android:exported="false" />
56-->[com.squareup.picasso:picasso:2.71828] AndroidManifest.xml:11:13-37
57
58        <activity
58-->[com.google.android.gms:play-services-base:17.0.0] AndroidManifest.xml:23:9-26:75
59            android:name="com.google.android.gms.common.api.GoogleApiActivity"
59-->[com.google.android.gms:play-services-base:17.0.0] AndroidManifest.xml:24:13-79
60            android:exported="false"
60-->[com.google.android.gms:play-services-base:17.0.0] AndroidManifest.xml:25:13-37
61            android:theme="@android:style/Theme.Translucent.NoTitleBar" />
61-->[com.google.android.gms:play-services-base:17.0.0] AndroidManifest.xml:26:13-72
62
63        <provider
63-->[com.google.firebase:firebase-common:19.3.0] AndroidManifest.xml:26:9-30:39
64            android:name="com.google.firebase.provider.FirebaseInitProvider"
64-->[com.google.firebase:firebase-common:19.3.0] AndroidManifest.xml:27:13-77
65            android:authorities="com.kingstech_app.cakeapp.firebaseinitprovider"
65-->[com.google.firebase:firebase-common:19.3.0] AndroidManifest.xml:28:13-72
66            android:exported="false"
66-->[com.google.firebase:firebase-common:19.3.0] AndroidManifest.xml:29:13-37
67            android:initOrder="100" />
67-->[com.google.firebase:firebase-common:19.3.0] AndroidManifest.xml:30:13-36
68
69        <meta-data
69-->[com.google.android.gms:play-services-basement:17.0.0] AndroidManifest.xml:23:9-25:69
70            android:name="com.google.android.gms.version"
70-->[com.google.android.gms:play-services-basement:17.0.0] AndroidManifest.xml:24:13-58
71            android:value="@integer/google_play_services_version" />
71-->[com.google.android.gms:play-services-basement:17.0.0] AndroidManifest.xml:25:13-66
72    </application>
73
74</manifest>